[1.476s] DEBUG:colcon:Command line arguments: ['/usr/bin/colcon', 'build', '--packages-select', 'encoder_pkg']
[1.477s] DEBUG:colcon:Parsed command line arguments: Namespace(log_base=None, log_level=None, verb_name='build', build_base='build', install_base='install', merge_install=False, symlink_install=False, test_result_base=None, continue_on_error=False, executor='parallel', parallel_workers=4, event_handlers=None, ignore_user_meta=False, metas=['./colcon.meta'], base_paths=['.'], packages_ignore=None, packages_ignore_regex=None, paths=None, packages_up_to=None, packages_up_to_regex=None, packages_above=None, packages_above_and_dependencies=None, packages_above_depth=None, packages_select_by_dep=None, packages_skip_by_dep=None, packages_skip_up_to=None, packages_select_build_failed=False, packages_skip_build_finished=False, packages_select_test_failures=False, packages_skip_test_passed=False, packages_select=['encoder_pkg'], packages_skip=None, packages_select_regex=None, packages_skip_regex=None, packages_start=None, packages_end=None, allow_overriding=[], cmake_args=None, cmake_target=None, cmake_target_skip_unavailable=False, cmake_clean_cache=False, cmake_clean_first=False, cmake_force_configure=False, ament_cmake_args=None, catkin_cmake_args=None, catkin_skip_building_tests=False, verb_parser=<colcon_defaults.argument_parser.defaults.DefaultArgumentsDecorator object at 0xffffb6999b40>, verb_extension=<colcon_core.verb.build.BuildVerb object at 0xffffb6ac1d20>, main=<bound method BuildVerb.main of <colcon_core.verb.build.BuildVerb object at 0xffffb6ac1d20>>)
[1.634s] Level 1:colcon.colcon_core.package_discovery:discover_packages(colcon_meta) check parameters
[1.635s] Level 1:colcon.colcon_core.package_discovery:discover_packages(recursive) check parameters
[1.635s] Level 1:colcon.colcon_core.package_discovery:discover_packages(ignore) check parameters
[1.635s] Level 1:colcon.colcon_core.package_discovery:discover_packages(path) check parameters
[1.635s] Level 1:colcon.colcon_core.package_discovery:discover_packages(colcon_meta) discover
[1.636s] Level 1:colcon.colcon_core.package_discovery:discover_packages(recursive) discover
[1.636s] INFO:colcon.colcon_core.package_discovery:Crawling recursively for packages in '/home/hcappel1/ros2_ws/src/encoder_pkg'
[1.637s] Level 1:colcon.colcon_core.package_identification:_identify(.) by extensions ['ignore', 'ignore_ament_install']
[1.638s] Level 1:colcon.colcon_core.package_identification:_identify(.) by extension 'ignore'
[1.638s] Level 1:colcon.colcon_core.package_identification:_identify(.) by extension 'ignore_ament_install'
[1.639s] Level 1:colcon.colcon_core.package_identification:_identify(.) by extensions ['colcon_pkg']
[1.639s] Level 1:colcon.colcon_core.package_identification:_identify(.) by extension 'colcon_pkg'
[1.639s] Level 1:colcon.colcon_core.package_identification:_identify(.) by extensions ['colcon_meta']
[1.639s] Level 1:colcon.colcon_core.package_identification:_identify(.) by extension 'colcon_meta'
[1.639s] Level 1:colcon.colcon_core.package_identification:_identify(.) by extensions ['ros']
[1.640s] Level 1:colcon.colcon_core.package_identification:_identify(.) by extension 'ros'
[1.705s] DEBUG:colcon.colcon_core.package_identification:Package '.' with type 'ros.ament_cmake' and name 'encoder_pkg'
[1.705s] Level 1:colcon.colcon_core.package_discovery:discover_packages(recursive) using defaults
[1.705s] Level 1:colcon.colcon_core.package_discovery:discover_packages(ignore) discover
[1.705s] Level 1:colcon.colcon_core.package_discovery:discover_packages(ignore) using defaults
[1.706s] Level 1:colcon.colcon_core.package_discovery:discover_packages(path) discover
[1.706s] Level 1:colcon.colcon_core.package_discovery:discover_packages(path) using defaults
[1.801s] Level 1:colcon.colcon_core.package_discovery:discover_packages(prefix_path) check parameters
[1.801s] Level 1:colcon.colcon_core.package_discovery:discover_packages(prefix_path) discover
[1.814s] DEBUG:colcon.colcon_installed_package_information.package_discovery:Found 2 installed packages in /home/hcappel1/ros2_ws/install
[1.826s] DEBUG:colcon.colcon_installed_package_information.package_discovery:Found 286 installed packages in /opt/ros/humble
[1.832s] Level 1:colcon.colcon_core.package_discovery:discover_packages(prefix_path) using defaults
[2.127s] Level 5:colcon.colcon_core.verb:set package 'encoder_pkg' build argument 'cmake_args' from command line to 'None'
[2.128s] Level 5:colcon.colcon_core.verb:set package 'encoder_pkg' build argument 'cmake_target' from command line to 'None'
[2.128s] Level 5:colcon.colcon_core.verb:set package 'encoder_pkg' build argument 'cmake_target_skip_unavailable' from command line to 'False'
[2.128s] Level 5:colcon.colcon_core.verb:set package 'encoder_pkg' build argument 'cmake_clean_cache' from command line to 'False'
[2.128s] Level 5:colcon.colcon_core.verb:set package 'encoder_pkg' build argument 'cmake_clean_first' from command line to 'False'
[2.129s] Level 5:colcon.colcon_core.verb:set package 'encoder_pkg' build argument 'cmake_force_configure' from command line to 'False'
[2.129s] Level 5:colcon.colcon_core.verb:set package 'encoder_pkg' build argument 'ament_cmake_args' from command line to 'None'
[2.129s] Level 5:colcon.colcon_core.verb:set package 'encoder_pkg' build argument 'catkin_cmake_args' from command line to 'None'
[2.129s] Level 5:colcon.colcon_core.verb:set package 'encoder_pkg' build argument 'catkin_skip_building_tests' from command line to 'False'
[2.129s] DEBUG:colcon.colcon_core.verb:Building package 'encoder_pkg' with the following arguments: {'ament_cmake_args': None, 'build_base': '/home/hcappel1/ros2_ws/src/encoder_pkg/build/encoder_pkg', 'catkin_cmake_args': None, 'catkin_skip_building_tests': False, 'cmake_args': None, 'cmake_clean_cache': False, 'cmake_clean_first': False, 'cmake_force_configure': False, 'cmake_target': None, 'cmake_target_skip_unavailable': False, 'install_base': '/home/hcappel1/ros2_ws/src/encoder_pkg/install/encoder_pkg', 'merge_install': False, 'path': '/home/hcappel1/ros2_ws/src/encoder_pkg', 'symlink_install': False, 'test_result_base': None}
[2.133s] INFO:colcon.colcon_core.executor:Executing jobs using 'parallel' executor
[2.146s] DEBUG:colcon.colcon_parallel_executor.executor.parallel:run_until_complete
[2.147s] INFO:colcon.colcon_ros.task.ament_cmake.build:Building ROS package in '/home/hcappel1/ros2_ws/src/encoder_pkg' with build type 'ament_cmake'
[2.147s] INFO:colcon.colcon_cmake.task.cmake.build:Building CMake package in '/home/hcappel1/ros2_ws/src/encoder_pkg'
[2.166s] INFO:colcon.colcon_core.plugin_system:Skipping extension 'colcon_core.shell.bat': Not used on non-Windows systems
[2.167s] INFO:colcon.colcon_core.shell:Skip shell extension 'powershell' for command environment: Not usable outside of PowerShell
[2.168s] DEBUG:colcon.colcon_core.shell:Skip shell extension 'dsv' for command environment
[2.212s] DEBUG:colcon.colcon_core.event_handler.log_command:Invoking command in '/home/hcappel1/ros2_ws/src/encoder_pkg/build/encoder_pkg': CMAKE_PREFIX_PATH=${CMAKE_PREFIX_PATH}:/home/hcappel1/ros2_ws/install/motor_control:/opt/ros/humble /usr/bin/cmake /home/hcappel1/ros2_ws/src/encoder_pkg -DCMAKE_INSTALL_PREFIX=/home/hcappel1/ros2_ws/src/encoder_pkg/install/encoder_pkg
[12.043s] DEBUG:colcon.colcon_core.event_handler.log_command:Invoked command in '/home/hcappel1/ros2_ws/src/encoder_pkg/build/encoder_pkg' returned '0': CMAKE_PREFIX_PATH=${CMAKE_PREFIX_PATH}:/home/hcappel1/ros2_ws/install/motor_control:/opt/ros/humble /usr/bin/cmake /home/hcappel1/ros2_ws/src/encoder_pkg -DCMAKE_INSTALL_PREFIX=/home/hcappel1/ros2_ws/src/encoder_pkg/install/encoder_pkg
[12.054s] DEBUG:colcon.colcon_core.event_handler.log_command:Invoking command in '/home/hcappel1/ros2_ws/src/encoder_pkg/build/encoder_pkg': CMAKE_PREFIX_PATH=${CMAKE_PREFIX_PATH}:/home/hcappel1/ros2_ws/install/motor_control:/opt/ros/humble /usr/bin/cmake --build /home/hcappel1/ros2_ws/src/encoder_pkg/build/encoder_pkg -- -j4 -l4
[27.231s] DEBUG:colcon.colcon_core.event_handler.log_command:Invoked command in '/home/hcappel1/ros2_ws/src/encoder_pkg/build/encoder_pkg' returned '2': CMAKE_PREFIX_PATH=${CMAKE_PREFIX_PATH}:/home/hcappel1/ros2_ws/install/motor_control:/opt/ros/humble /usr/bin/cmake --build /home/hcappel1/ros2_ws/src/encoder_pkg/build/encoder_pkg -- -j4 -l4
[27.376s] Level 1:colcon.colcon_core.environment:create_environment_scripts_only(encoder_pkg)
[27.411s] Level 1:colcon.colcon_core.environment:checking '/home/hcappel1/ros2_ws/src/encoder_pkg/install/encoder_pkg' for CMake module files
[27.413s] Level 1:colcon.colcon_core.environment:checking '/home/hcappel1/ros2_ws/src/encoder_pkg/install/encoder_pkg' for CMake config files
[27.416s] Level 1:colcon.colcon_core.environment:checking '/home/hcappel1/ros2_ws/src/encoder_pkg/install/encoder_pkg/bin'
[27.417s] Level 1:colcon.colcon_core.environment:checking '/home/hcappel1/ros2_ws/src/encoder_pkg/install/encoder_pkg/lib/pkgconfig/encoder_pkg.pc'
[27.419s] Level 1:colcon.colcon_core.environment:checking '/home/hcappel1/ros2_ws/src/encoder_pkg/install/encoder_pkg/lib/python3.10/site-packages'
[27.420s] Level 1:colcon.colcon_core.environment:checking '/home/hcappel1/ros2_ws/src/encoder_pkg/install/encoder_pkg/bin'
[27.433s] INFO:colcon.colcon_core.shell:Creating package script '/home/hcappel1/ros2_ws/src/encoder_pkg/install/encoder_pkg/share/encoder_pkg/package.ps1'
[27.439s] INFO:colcon.colcon_core.shell:Creating package descriptor '/home/hcappel1/ros2_ws/src/encoder_pkg/install/encoder_pkg/share/encoder_pkg/package.dsv'
[27.443s] INFO:colcon.colcon_core.shell:Creating package script '/home/hcappel1/ros2_ws/src/encoder_pkg/install/encoder_pkg/share/encoder_pkg/package.sh'
[27.447s] INFO:colcon.colcon_core.shell:Creating package script '/home/hcappel1/ros2_ws/src/encoder_pkg/install/encoder_pkg/share/encoder_pkg/package.bash'
[27.453s] INFO:colcon.colcon_core.shell:Creating package script '/home/hcappel1/ros2_ws/src/encoder_pkg/install/encoder_pkg/share/encoder_pkg/package.zsh'
[27.457s] Level 1:colcon.colcon_core.environment:create_file_with_runtime_dependencies(/home/hcappel1/ros2_ws/src/encoder_pkg/install/encoder_pkg/share/colcon-core/packages/encoder_pkg)
[27.470s] DEBUG:colcon.colcon_parallel_executor.executor.parallel:closing loop
[27.471s] DEBUG:colcon.colcon_parallel_executor.executor.parallel:loop closed
[27.472s] DEBUG:colcon.colcon_parallel_executor.executor.parallel:run_until_complete finished with '2'
[27.473s] DEBUG:colcon.colcon_core.event_reactor:joining thread
[27.504s] INFO:colcon.colcon_core.plugin_system:Skipping extension 'colcon_notification.desktop_notification.terminal_notifier': Not used on non-Darwin systems
[27.505s] INFO:colcon.colcon_core.plugin_system:Skipping extension 'colcon_notification.desktop_notification.win32': Not used on non-Windows systems
[27.505s] INFO:colcon.colcon_notification.desktop_notification:Sending desktop notification using 'notify2'
[27.612s] DEBUG:colcon.colcon_core.event_reactor:joined thread
[27.620s] INFO:colcon.colcon_core.shell:Creating prefix script '/home/hcappel1/ros2_ws/src/encoder_pkg/install/local_setup.ps1'
[27.625s] INFO:colcon.colcon_core.shell:Creating prefix util module '/home/hcappel1/ros2_ws/src/encoder_pkg/install/_local_setup_util_ps1.py'
[27.632s] INFO:colcon.colcon_core.shell:Creating prefix chain script '/home/hcappel1/ros2_ws/src/encoder_pkg/install/setup.ps1'
[27.641s] INFO:colcon.colcon_core.shell:Creating prefix script '/home/hcappel1/ros2_ws/src/encoder_pkg/install/local_setup.sh'
[27.645s] INFO:colcon.colcon_core.shell:Creating prefix util module '/home/hcappel1/ros2_ws/src/encoder_pkg/install/_local_setup_util_sh.py'
[27.648s] INFO:colcon.colcon_core.shell:Creating prefix chain script '/home/hcappel1/ros2_ws/src/encoder_pkg/install/setup.sh'
[27.657s] INFO:colcon.colcon_core.shell:Creating prefix script '/home/hcappel1/ros2_ws/src/encoder_pkg/install/local_setup.bash'
[27.660s] INFO:colcon.colcon_core.shell:Creating prefix chain script '/home/hcappel1/ros2_ws/src/encoder_pkg/install/setup.bash'
[27.669s] INFO:colcon.colcon_core.shell:Creating prefix script '/home/hcappel1/ros2_ws/src/encoder_pkg/install/local_setup.zsh'
[27.673s] INFO:colcon.colcon_core.shell:Creating prefix chain script '/home/hcappel1/ros2_ws/src/encoder_pkg/install/setup.zsh'
