[35m[1mConsolidate compiler generated dependencies of target encoders_node[0m
[ 50%] [32mBuilding CXX object CMakeFiles/encoders_node.dir/src/encoders.cpp.o[0m
[100%] [32m[1mLinking CXX executable encoders_node[0m
[100%] Built target encoders_node
-- Install configuration: ""
-- Installing: /home/hcappel1/ros2_ws/src/encoder_pkg/install/encoder_pkg/lib/encoder_pkg/encoders_node
-- Set runtime path of "/home/hcappel1/ros2_ws/src/encoder_pkg/install/encoder_pkg/lib/encoder_pkg/encoders_node" to ""
-- Installing: /home/hcappel1/ros2_ws/src/encoder_pkg/install/encoder_pkg/share/encoder_pkg/launch
-- Installing: /home/hcappel1/ros2_ws/src/encoder_pkg/install/encoder_pkg/share/encoder_pkg/launch/encoders.launch.py
-- Installing: /home/hcappel1/ros2_ws/src/encoder_pkg/install/encoder_pkg/share/ament_index/resource_index/package_run_dependencies/encoder_pkg
-- Installing: /home/hcappel1/ros2_ws/src/encoder_pkg/install/encoder_pkg/share/ament_index/resource_index/parent_prefix_path/encoder_pkg
-- Installing: /home/hcappel1/ros2_ws/src/encoder_pkg/install/encoder_pkg/share/encoder_pkg/environment/ament_prefix_path.sh
-- Installing: /home/hcappel1/ros2_ws/src/encoder_pkg/install/encoder_pkg/share/encoder_pkg/environment/ament_prefix_path.dsv
-- Installing: /home/hcappel1/ros2_ws/src/encoder_pkg/install/encoder_pkg/share/encoder_pkg/environment/path.sh
-- Installing: /home/hcappel1/ros2_ws/src/encoder_pkg/install/encoder_pkg/share/encoder_pkg/environment/path.dsv
-- Installing: /home/hcappel1/ros2_ws/src/encoder_pkg/install/encoder_pkg/share/encoder_pkg/local_setup.bash
-- Installing: /home/hcappel1/ros2_ws/src/encoder_pkg/install/encoder_pkg/share/encoder_pkg/local_setup.sh
-- Installing: /home/hcappel1/ros2_ws/src/encoder_pkg/install/encoder_pkg/share/encoder_pkg/local_setup.zsh
-- Installing: /home/hcappel1/ros2_ws/src/encoder_pkg/install/encoder_pkg/share/encoder_pkg/local_setup.dsv
-- Installing: /home/hcappel1/ros2_ws/src/encoder_pkg/install/encoder_pkg/share/encoder_pkg/package.dsv
-- Installing: /home/hcappel1/ros2_ws/src/encoder_pkg/install/encoder_pkg/share/ament_index/resource_index/packages/encoder_pkg
-- Installing: /home/hcappel1/ros2_ws/src/encoder_pkg/install/encoder_pkg/share/encoder_pkg/cmake/encoder_pkgConfig.cmake
-- Installing: /home/hcappel1/ros2_ws/src/encoder_pkg/install/encoder_pkg/share/encoder_pkg/cmake/encoder_pkgConfig-version.cmake
-- Installing: /home/hcappel1/ros2_ws/src/encoder_pkg/install/encoder_pkg/share/encoder_pkg/package.xml
