[0.078s] Invoking command in '/home/hcappel1/ros2_ws/src/encoder_pkg/build/encoder_pkg': CMAKE_PREFIX_PATH=${CMAKE_PREFIX_PATH}:/home/hcappel1/ros2_ws/install/motor_control:/opt/ros/humble /usr/bin/cmake --build /home/hcappel1/ros2_ws/src/encoder_pkg/build/encoder_pkg -- -j4 -l4
[0.289s] [35m[1mConsolidate compiler generated dependencies of target encoders_node[0m
[0.390s] [ 50%] [32mBuilding CXX object CMakeFiles/encoders_node.dir/src/encoders.cpp.o[0m
[20.474s] [100%] [32m[1mLinking CXX executable encoders_node[0m
[21.699s] [100%] Built target encoders_node
[21.742s] Invoked command in '/home/hcappel1/ros2_ws/src/encoder_pkg/build/encoder_pkg' returned '0': CMAKE_PREFIX_PATH=${CMAKE_PREFIX_PATH}:/home/hcappel1/ros2_ws/install/motor_control:/opt/ros/humble /usr/bin/cmake --build /home/hcappel1/ros2_ws/src/encoder_pkg/build/encoder_pkg -- -j4 -l4
[21.926s] Invoking command in '/home/hcappel1/ros2_ws/src/encoder_pkg/build/encoder_pkg': CMAKE_PREFIX_PATH=${CMAKE_PREFIX_PATH}:/home/hcappel1/ros2_ws/install/motor_control:/opt/ros/humble /usr/bin/cmake --install /home/hcappel1/ros2_ws/src/encoder_pkg/build/encoder_pkg
[21.956s] -- Install configuration: ""
[21.959s] -- Installing: /home/hcappel1/ros2_ws/src/encoder_pkg/install/encoder_pkg/lib/encoder_pkg/encoders_node
[21.973s] -- Set runtime path of "/home/hcappel1/ros2_ws/src/encoder_pkg/install/encoder_pkg/lib/encoder_pkg/encoders_node" to ""
[21.973s] -- Up-to-date: /home/hcappel1/ros2_ws/src/encoder_pkg/install/encoder_pkg/share/encoder_pkg/launch
[21.974s] -- Up-to-date: /home/hcappel1/ros2_ws/src/encoder_pkg/install/encoder_pkg/share/encoder_pkg/launch/encoders.launch.py
[21.974s] -- Up-to-date: /home/hcappel1/ros2_ws/src/encoder_pkg/install/encoder_pkg/share/ament_index/resource_index/package_run_dependencies/encoder_pkg
[21.975s] -- Up-to-date: /home/hcappel1/ros2_ws/src/encoder_pkg/install/encoder_pkg/share/ament_index/resource_index/parent_prefix_path/encoder_pkg
[21.976s] -- Up-to-date: /home/hcappel1/ros2_ws/src/encoder_pkg/install/encoder_pkg/share/encoder_pkg/environment/ament_prefix_path.sh
[21.976s] -- Up-to-date: /home/hcappel1/ros2_ws/src/encoder_pkg/install/encoder_pkg/share/encoder_pkg/environment/ament_prefix_path.dsv
[21.977s] -- Up-to-date: /home/hcappel1/ros2_ws/src/encoder_pkg/install/encoder_pkg/share/encoder_pkg/environment/path.sh
[21.977s] -- Up-to-date: /home/hcappel1/ros2_ws/src/encoder_pkg/install/encoder_pkg/share/encoder_pkg/environment/path.dsv
[21.978s] -- Up-to-date: /home/hcappel1/ros2_ws/src/encoder_pkg/install/encoder_pkg/share/encoder_pkg/local_setup.bash
[21.978s] -- Up-to-date: /home/hcappel1/ros2_ws/src/encoder_pkg/install/encoder_pkg/share/encoder_pkg/local_setup.sh
[21.979s] -- Up-to-date: /home/hcappel1/ros2_ws/src/encoder_pkg/install/encoder_pkg/share/encoder_pkg/local_setup.zsh
[21.979s] -- Up-to-date: /home/hcappel1/ros2_ws/src/encoder_pkg/install/encoder_pkg/share/encoder_pkg/local_setup.dsv
[21.979s] -- Installing: /home/hcappel1/ros2_ws/src/encoder_pkg/install/encoder_pkg/share/encoder_pkg/package.dsv
[21.981s] -- Up-to-date: /home/hcappel1/ros2_ws/src/encoder_pkg/install/encoder_pkg/share/ament_index/resource_index/packages/encoder_pkg
[21.981s] -- Up-to-date: /home/hcappel1/ros2_ws/src/encoder_pkg/install/encoder_pkg/share/encoder_pkg/cmake/encoder_pkgConfig.cmake
[21.982s] -- Up-to-date: /home/hcappel1/ros2_ws/src/encoder_pkg/install/encoder_pkg/share/encoder_pkg/cmake/encoder_pkgConfig-version.cmake
[21.982s] -- Up-to-date: /home/hcappel1/ros2_ws/src/encoder_pkg/install/encoder_pkg/share/encoder_pkg/package.xml
[21.990s] Invoked command in '/home/hcappel1/ros2_ws/src/encoder_pkg/build/encoder_pkg' returned '0': CMAKE_PREFIX_PATH=${CMAKE_PREFIX_PATH}:/home/hcappel1/ros2_ws/install/motor_control:/opt/ros/humble /usr/bin/cmake --install /home/hcappel1/ros2_ws/src/encoder_pkg/build/encoder_pkg
