[1.444s] DEBUG:colcon:Command line arguments: ['/usr/bin/colcon', 'build', '--packages-select', 'encoder_pkg']
[1.445s] DEBUG:colcon:Parsed command line arguments: Namespace(log_base=None, log_level=None, verb_name='build', build_base='build', install_base='install', merge_install=False, symlink_install=False, test_result_base=None, continue_on_error=False, executor='parallel', parallel_workers=4, event_handlers=None, ignore_user_meta=False, metas=['./colcon.meta'], base_paths=['.'], packages_ignore=None, packages_ignore_regex=None, paths=None, packages_up_to=None, packages_up_to_regex=None, packages_above=None, packages_above_and_dependencies=None, packages_above_depth=None, packages_select_by_dep=None, packages_skip_by_dep=None, packages_skip_up_to=None, packages_select_build_failed=False, packages_skip_build_finished=False, packages_select_test_failures=False, packages_skip_test_passed=False, packages_select=['encoder_pkg'], packages_skip=None, packages_select_regex=None, packages_skip_regex=None, packages_start=None, packages_end=None, allow_overriding=[], cmake_args=None, cmake_target=None, cmake_target_skip_unavailable=False, cmake_clean_cache=False, cmake_clean_first=False, cmake_force_configure=False, ament_cmake_args=None, catkin_cmake_args=None, catkin_skip_building_tests=False, verb_parser=<colcon_defaults.argument_parser.defaults.DefaultArgumentsDecorator object at 0xffffa1799a50>, verb_extension=<colcon_core.verb.build.BuildVerb object at 0xffffa18c59c0>, main=<bound method BuildVerb.main of <colcon_core.verb.build.BuildVerb object at 0xffffa18c59c0>>)
[1.584s] Level 1:colcon.colcon_core.package_discovery:discover_packages(colcon_meta) check parameters
[1.584s] Level 1:colcon.colcon_core.package_discovery:discover_packages(recursive) check parameters
[1.585s] Level 1:colcon.colcon_core.package_discovery:discover_packages(ignore) check parameters
[1.585s] Level 1:colcon.colcon_core.package_discovery:discover_packages(path) check parameters
[1.585s] Level 1:colcon.colcon_core.package_discovery:discover_packages(colcon_meta) discover
[1.585s] Level 1:colcon.colcon_core.package_discovery:discover_packages(recursive) discover
[1.585s] INFO:colcon.colcon_core.package_discovery:Crawling recursively for packages in '/home/hcappel1/ros2_ws/src/encoder_pkg'
[1.586s] Level 1:colcon.colcon_core.package_identification:_identify(.) by extensions ['ignore', 'ignore_ament_install']
[1.586s] Level 1:colcon.colcon_core.package_identification:_identify(.) by extension 'ignore'
[1.586s] Level 1:colcon.colcon_core.package_identification:_identify(.) by extension 'ignore_ament_install'
[1.587s] Level 1:colcon.colcon_core.package_identification:_identify(.) by extensions ['colcon_pkg']
[1.587s] Level 1:colcon.colcon_core.package_identification:_identify(.) by extension 'colcon_pkg'
[1.587s] Level 1:colcon.colcon_core.package_identification:_identify(.) by extensions ['colcon_meta']
[1.587s] Level 1:colcon.colcon_core.package_identification:_identify(.) by extension 'colcon_meta'
[1.587s] Level 1:colcon.colcon_core.package_identification:_identify(.) by extensions ['ros']
[1.587s] Level 1:colcon.colcon_core.package_identification:_identify(.) by extension 'ros'
[1.651s] DEBUG:colcon.colcon_core.package_identification:Package '.' with type 'ros.ament_cmake' and name 'encoder_pkg'
[1.651s] Level 1:colcon.colcon_core.package_discovery:discover_packages(recursive) using defaults
[1.652s] Level 1:colcon.colcon_core.package_discovery:discover_packages(ignore) discover
[1.652s] Level 1:colcon.colcon_core.package_discovery:discover_packages(ignore) using defaults
[1.652s] Level 1:colcon.colcon_core.package_discovery:discover_packages(path) discover
[1.652s] Level 1:colcon.colcon_core.package_discovery:discover_packages(path) using defaults
[1.750s] Level 1:colcon.colcon_core.package_discovery:discover_packages(prefix_path) check parameters
[1.750s] Level 1:colcon.colcon_core.package_discovery:discover_packages(prefix_path) discover
[1.763s] DEBUG:colcon.colcon_installed_package_information.package_discovery:Found 2 installed packages in /home/hcappel1/ros2_ws/install
[1.775s] DEBUG:colcon.colcon_installed_package_information.package_discovery:Found 286 installed packages in /opt/ros/humble
[1.781s] Level 1:colcon.colcon_core.package_discovery:discover_packages(prefix_path) using defaults
[2.084s] Level 5:colcon.colcon_core.verb:set package 'encoder_pkg' build argument 'cmake_args' from command line to 'None'
[2.085s] Level 5:colcon.colcon_core.verb:set package 'encoder_pkg' build argument 'cmake_target' from command line to 'None'
[2.085s] Level 5:colcon.colcon_core.verb:set package 'encoder_pkg' build argument 'cmake_target_skip_unavailable' from command line to 'False'
[2.085s] Level 5:colcon.colcon_core.verb:set package 'encoder_pkg' build argument 'cmake_clean_cache' from command line to 'False'
[2.085s] Level 5:colcon.colcon_core.verb:set package 'encoder_pkg' build argument 'cmake_clean_first' from command line to 'False'
[2.085s] Level 5:colcon.colcon_core.verb:set package 'encoder_pkg' build argument 'cmake_force_configure' from command line to 'False'
[2.085s] Level 5:colcon.colcon_core.verb:set package 'encoder_pkg' build argument 'ament_cmake_args' from command line to 'None'
[2.085s] Level 5:colcon.colcon_core.verb:set package 'encoder_pkg' build argument 'catkin_cmake_args' from command line to 'None'
[2.085s] Level 5:colcon.colcon_core.verb:set package 'encoder_pkg' build argument 'catkin_skip_building_tests' from command line to 'False'
[2.086s] DEBUG:colcon.colcon_core.verb:Building package 'encoder_pkg' with the following arguments: {'ament_cmake_args': None, 'build_base': '/home/hcappel1/ros2_ws/src/encoder_pkg/build/encoder_pkg', 'catkin_cmake_args': None, 'catkin_skip_building_tests': False, 'cmake_args': None, 'cmake_clean_cache': False, 'cmake_clean_first': False, 'cmake_force_configure': False, 'cmake_target': None, 'cmake_target_skip_unavailable': False, 'install_base': '/home/hcappel1/ros2_ws/src/encoder_pkg/install/encoder_pkg', 'merge_install': False, 'path': '/home/hcappel1/ros2_ws/src/encoder_pkg', 'symlink_install': False, 'test_result_base': None}
[2.089s] INFO:colcon.colcon_core.executor:Executing jobs using 'parallel' executor
[2.101s] DEBUG:colcon.colcon_parallel_executor.executor.parallel:run_until_complete
[2.102s] INFO:colcon.colcon_ros.task.ament_cmake.build:Building ROS package in '/home/hcappel1/ros2_ws/src/encoder_pkg' with build type 'ament_cmake'
[2.102s] INFO:colcon.colcon_cmake.task.cmake.build:Building CMake package in '/home/hcappel1/ros2_ws/src/encoder_pkg'
[2.121s] INFO:colcon.colcon_core.plugin_system:Skipping extension 'colcon_core.shell.bat': Not used on non-Windows systems
[2.122s] INFO:colcon.colcon_core.shell:Skip shell extension 'powershell' for command environment: Not usable outside of PowerShell
[2.122s] DEBUG:colcon.colcon_core.shell:Skip shell extension 'dsv' for command environment
[2.179s] DEBUG:colcon.colcon_core.event_handler.log_command:Invoking command in '/home/hcappel1/ros2_ws/src/encoder_pkg/build/encoder_pkg': CMAKE_PREFIX_PATH=${CMAKE_PREFIX_PATH}:/home/hcappel1/ros2_ws/install/motor_control:/opt/ros/humble /usr/bin/cmake --build /home/hcappel1/ros2_ws/src/encoder_pkg/build/encoder_pkg -- -j4 -l4
[24.182s] DEBUG:colcon.colcon_core.event_handler.log_command:Invoked command in '/home/hcappel1/ros2_ws/src/encoder_pkg/build/encoder_pkg' returned '0': CMAKE_PREFIX_PATH=${CMAKE_PREFIX_PATH}:/home/hcappel1/ros2_ws/install/motor_control:/opt/ros/humble /usr/bin/cmake --build /home/hcappel1/ros2_ws/src/encoder_pkg/build/encoder_pkg -- -j4 -l4
[24.377s] DEBUG:colcon.colcon_core.event_handler.log_command:Invoking command in '/home/hcappel1/ros2_ws/src/encoder_pkg/build/encoder_pkg': CMAKE_PREFIX_PATH=${CMAKE_PREFIX_PATH}:/home/hcappel1/ros2_ws/install/motor_control:/opt/ros/humble /usr/bin/cmake --install /home/hcappel1/ros2_ws/src/encoder_pkg/build/encoder_pkg
[24.443s] Level 1:colcon.colcon_core.environment:create_environment_scripts_only(encoder_pkg)
[24.447s] DEBUG:colcon.colcon_core.event_handler.log_command:Invoked command in '/home/hcappel1/ros2_ws/src/encoder_pkg/build/encoder_pkg' returned '0': CMAKE_PREFIX_PATH=${CMAKE_PREFIX_PATH}:/home/hcappel1/ros2_ws/install/motor_control:/opt/ros/humble /usr/bin/cmake --install /home/hcappel1/ros2_ws/src/encoder_pkg/build/encoder_pkg
[24.473s] Level 1:colcon.colcon_core.environment:checking '/home/hcappel1/ros2_ws/src/encoder_pkg/install/encoder_pkg' for CMake module files
[24.476s] Level 1:colcon.colcon_core.environment:checking '/home/hcappel1/ros2_ws/src/encoder_pkg/install/encoder_pkg' for CMake config files
[24.477s] Level 1:colcon.colcon_core.shell:create_environment_hook('encoder_pkg', 'cmake_prefix_path')
[24.484s] INFO:colcon.colcon_core.shell:Creating environment hook '/home/hcappel1/ros2_ws/src/encoder_pkg/install/encoder_pkg/share/encoder_pkg/hook/cmake_prefix_path.ps1'
[24.489s] INFO:colcon.colcon_core.shell:Creating environment descriptor '/home/hcappel1/ros2_ws/src/encoder_pkg/install/encoder_pkg/share/encoder_pkg/hook/cmake_prefix_path.dsv'
[24.492s] INFO:colcon.colcon_core.shell:Creating environment hook '/home/hcappel1/ros2_ws/src/encoder_pkg/install/encoder_pkg/share/encoder_pkg/hook/cmake_prefix_path.sh'
[24.497s] Level 1:colcon.colcon_core.environment:checking '/home/hcappel1/ros2_ws/src/encoder_pkg/install/encoder_pkg/lib'
[24.498s] Level 1:colcon.colcon_core.environment:checking '/home/hcappel1/ros2_ws/src/encoder_pkg/install/encoder_pkg/bin'
[24.499s] Level 1:colcon.colcon_core.environment:checking '/home/hcappel1/ros2_ws/src/encoder_pkg/install/encoder_pkg/lib/pkgconfig/encoder_pkg.pc'
[24.500s] Level 1:colcon.colcon_core.environment:checking '/home/hcappel1/ros2_ws/src/encoder_pkg/install/encoder_pkg/lib/python3.10/site-packages'
[24.502s] Level 1:colcon.colcon_core.environment:checking '/home/hcappel1/ros2_ws/src/encoder_pkg/install/encoder_pkg/bin'
[24.508s] INFO:colcon.colcon_core.shell:Creating package script '/home/hcappel1/ros2_ws/src/encoder_pkg/install/encoder_pkg/share/encoder_pkg/package.ps1'
[24.512s] INFO:colcon.colcon_core.shell:Creating package descriptor '/home/hcappel1/ros2_ws/src/encoder_pkg/install/encoder_pkg/share/encoder_pkg/package.dsv'
[24.515s] INFO:colcon.colcon_core.shell:Creating package script '/home/hcappel1/ros2_ws/src/encoder_pkg/install/encoder_pkg/share/encoder_pkg/package.sh'
[24.520s] INFO:colcon.colcon_core.shell:Creating package script '/home/hcappel1/ros2_ws/src/encoder_pkg/install/encoder_pkg/share/encoder_pkg/package.bash'
[24.524s] INFO:colcon.colcon_core.shell:Creating package script '/home/hcappel1/ros2_ws/src/encoder_pkg/install/encoder_pkg/share/encoder_pkg/package.zsh'
[24.528s] Level 1:colcon.colcon_core.environment:create_file_with_runtime_dependencies(/home/hcappel1/ros2_ws/src/encoder_pkg/install/encoder_pkg/share/colcon-core/packages/encoder_pkg)
[24.689s] Level 1:colcon.colcon_core.environment:create_environment_scripts_only(encoder_pkg)
[24.699s] Level 1:colcon.colcon_core.environment:checking '/home/hcappel1/ros2_ws/src/encoder_pkg/install/encoder_pkg' for CMake module files
[24.702s] Level 1:colcon.colcon_core.environment:checking '/home/hcappel1/ros2_ws/src/encoder_pkg/install/encoder_pkg' for CMake config files
[24.704s] Level 1:colcon.colcon_core.shell:create_environment_hook('encoder_pkg', 'cmake_prefix_path')
[24.710s] INFO:colcon.colcon_core.shell:Creating environment hook '/home/hcappel1/ros2_ws/src/encoder_pkg/install/encoder_pkg/share/encoder_pkg/hook/cmake_prefix_path.ps1'
[24.713s] INFO:colcon.colcon_core.shell:Creating environment descriptor '/home/hcappel1/ros2_ws/src/encoder_pkg/install/encoder_pkg/share/encoder_pkg/hook/cmake_prefix_path.dsv'
[24.715s] INFO:colcon.colcon_core.shell:Creating environment hook '/home/hcappel1/ros2_ws/src/encoder_pkg/install/encoder_pkg/share/encoder_pkg/hook/cmake_prefix_path.sh'
[24.720s] Level 1:colcon.colcon_core.environment:checking '/home/hcappel1/ros2_ws/src/encoder_pkg/install/encoder_pkg/lib'
[24.720s] Level 1:colcon.colcon_core.environment:checking '/home/hcappel1/ros2_ws/src/encoder_pkg/install/encoder_pkg/bin'
[24.721s] Level 1:colcon.colcon_core.environment:checking '/home/hcappel1/ros2_ws/src/encoder_pkg/install/encoder_pkg/lib/pkgconfig/encoder_pkg.pc'
[24.722s] Level 1:colcon.colcon_core.environment:checking '/home/hcappel1/ros2_ws/src/encoder_pkg/install/encoder_pkg/lib/python3.10/site-packages'
[24.723s] Level 1:colcon.colcon_core.environment:checking '/home/hcappel1/ros2_ws/src/encoder_pkg/install/encoder_pkg/bin'
[24.729s] INFO:colcon.colcon_core.shell:Creating package script '/home/hcappel1/ros2_ws/src/encoder_pkg/install/encoder_pkg/share/encoder_pkg/package.ps1'
[24.733s] INFO:colcon.colcon_core.shell:Creating package descriptor '/home/hcappel1/ros2_ws/src/encoder_pkg/install/encoder_pkg/share/encoder_pkg/package.dsv'
[24.736s] INFO:colcon.colcon_core.shell:Creating package script '/home/hcappel1/ros2_ws/src/encoder_pkg/install/encoder_pkg/share/encoder_pkg/package.sh'
[24.738s] INFO:colcon.colcon_core.shell:Creating package script '/home/hcappel1/ros2_ws/src/encoder_pkg/install/encoder_pkg/share/encoder_pkg/package.bash'
[24.740s] INFO:colcon.colcon_core.shell:Creating package script '/home/hcappel1/ros2_ws/src/encoder_pkg/install/encoder_pkg/share/encoder_pkg/package.zsh'
[24.742s] Level 1:colcon.colcon_core.environment:create_file_with_runtime_dependencies(/home/hcappel1/ros2_ws/src/encoder_pkg/install/encoder_pkg/share/colcon-core/packages/encoder_pkg)
[24.744s] DEBUG:colcon.colcon_parallel_executor.executor.parallel:closing loop
[24.745s] DEBUG:colcon.colcon_parallel_executor.executor.parallel:loop closed
[24.745s] DEBUG:colcon.colcon_parallel_executor.executor.parallel:run_until_complete finished with '0'
[24.745s] DEBUG:colcon.colcon_core.event_reactor:joining thread
[24.770s] INFO:colcon.colcon_core.plugin_system:Skipping extension 'colcon_notification.desktop_notification.terminal_notifier': Not used on non-Darwin systems
[24.771s] INFO:colcon.colcon_core.plugin_system:Skipping extension 'colcon_notification.desktop_notification.win32': Not used on non-Windows systems
[24.771s] INFO:colcon.colcon_notification.desktop_notification:Sending desktop notification using 'notify2'
[24.825s] DEBUG:colcon.colcon_core.event_reactor:joined thread
[24.832s] INFO:colcon.colcon_core.shell:Creating prefix script '/home/hcappel1/ros2_ws/src/encoder_pkg/install/local_setup.ps1'
[24.836s] INFO:colcon.colcon_core.shell:Creating prefix util module '/home/hcappel1/ros2_ws/src/encoder_pkg/install/_local_setup_util_ps1.py'
[24.843s] INFO:colcon.colcon_core.shell:Creating prefix chain script '/home/hcappel1/ros2_ws/src/encoder_pkg/install/setup.ps1'
[24.851s] INFO:colcon.colcon_core.shell:Creating prefix script '/home/hcappel1/ros2_ws/src/encoder_pkg/install/local_setup.sh'
[24.858s] INFO:colcon.colcon_core.shell:Creating prefix util module '/home/hcappel1/ros2_ws/src/encoder_pkg/install/_local_setup_util_sh.py'
[24.862s] INFO:colcon.colcon_core.shell:Creating prefix chain script '/home/hcappel1/ros2_ws/src/encoder_pkg/install/setup.sh'
[24.871s] INFO:colcon.colcon_core.shell:Creating prefix script '/home/hcappel1/ros2_ws/src/encoder_pkg/install/local_setup.bash'
[24.875s] INFO:colcon.colcon_core.shell:Creating prefix chain script '/home/hcappel1/ros2_ws/src/encoder_pkg/install/setup.bash'
[24.885s] INFO:colcon.colcon_core.shell:Creating prefix script '/home/hcappel1/ros2_ws/src/encoder_pkg/install/local_setup.zsh'
[24.888s] INFO:colcon.colcon_core.shell:Creating prefix chain script '/home/hcappel1/ros2_ws/src/encoder_pkg/install/setup.zsh'
